<?xml version="1.0" encoding="UTF-8"?>
<testng-results ignored="0" total="1" passed="1" failed="0" skipped="0">
  <reporter-output>
  </reporter-output>
  <suite started-at="2019-06-16T14:25:15Z" name="Default suite" finished-at="2019-06-16T14:25:20Z" duration-ms="4966">
    <groups>
    </groups>
    <test started-at="2019-06-16T14:25:15Z" name="Default test" finished-at="2019-06-16T14:25:20Z" duration-ms="4966">
      <class name="Com.Automation.TakesScreenShot">
        <test-method is-config="true" signature="beforetest()[pri:0, instance:Com.Automation.TakesScreenShot@619bfe29]" started-at="2019-06-16T14:25:15Z" name="beforetest" finished-at="2019-06-16T14:25:15Z" duration-ms="25" status="PASS">
          <reporter-output>
          </reporter-output>
        </test-method> <!-- beforetest -->
        <test-method signature="mainmethod()[pri:0, instance:Com.Automation.TakesScreenShot@619bfe29]" started-at="2019-06-16T14:25:15Z" name="mainmethod" finished-at="2019-06-16T14:25:20Z" duration-ms="4928" status="PASS">
          <reporter-output>
          </reporter-output>
        </test-method> <!-- mainmethod -->
      </class> <!-- Com.Automation.TakesScreenShot -->
    </test> <!-- Default test -->
  </suite> <!-- Default suite -->
</testng-results>
